build/app/intermediates/manifest_merge_blame_file/debug/manifest-merger-blame-debug-report.txt
1<?xml version="1.0" encoding="utf-8"?>
2<manifest xmlns:android="http://schemas.android.com/apk/res/android"
3    package="com.aapbd.plates"
4    android:versionCode="1"
5    android:versionName="1.7.0" >
6
7    <uses-sdk
8        android:minSdkVersion="21"
9        android:targetSdkVersion="28" />
10    <!--
11         Flutter needs it to communicate with the running application
12         to allow setting breakpoints, to provide hot reload, etc.
13    -->
14    <uses-permission android:name="android.permission.INTERNET" />
14-->src\main\AndroidManifest.xml:4:5-66
14-->src\main\AndroidManifest.xml:4:22-64
15    <uses-permission android:name="android.permission.ACCESS_FINE_LOCATION" />
15-->src\main\AndroidManifest.xml:5:5-78
15-->src\main\AndroidManifest.xml:5:22-76
16    <uses-permission android:name="android.permission.ACCESS_COARSE_LOCATION" />
16-->src\main\AndroidManifest.xml:6:5-80
16-->src\main\AndroidManifest.xml:6:22-78
17    <uses-permission android:name="android.permission.ACCESS_NETWORK_STATE" />
17-->[:firebase_analytics] AndroidManifest.xml:7:5-79
17-->[:firebase_analytics] AndroidManifest.xml:7:22-76
18    <uses-permission android:name="android.permission.WAKE_LOCK" /> <!-- Required by older versions of Google Play services to create IID tokens -->
18-->[:firebase_analytics] AndroidManifest.xml:9:5-68
18-->[:firebase_analytics] AndroidManifest.xml:9:22-65
19    <uses-permission android:name="com.google.android.c2dm.permission.RECEIVE" />
19-->[com.google.firebase:firebase-iid:20.0.1] AndroidManifest.xml:26:5-82
19-->[com.google.firebase:firebase-iid:20.0.1] AndroidManifest.xml:26:22-79
20
21    <uses-feature
21-->[com.google.android.gms:play-services-maps:17.0.0] AndroidManifest.xml:26:5-28:35
22        android:glEsVersion="0x00020000"
22-->[com.google.android.gms:play-services-maps:17.0.0] AndroidManifest.xml:27:9-41
23        android:required="true" />
23-->[com.google.android.gms:play-services-maps:17.0.0] AndroidManifest.xml:28:9-32
24
25    <uses-permission android:name="com.google.android.finsky.permission.BIND_GET_INSTALL_REFERRER_SERVICE" />
25-->[com.google.android.gms:play-services-measurement:16.5.0] AndroidManifest.xml:26:5-110
25-->[com.google.android.gms:play-services-measurement:16.5.0] AndroidManifest.xml:26:22-107
26    <uses-permission android:name="android.permission.CAMERA" /> <!-- Don't require camera, as this requires a rear camera. This allows it to work on the Nexus 7 -->
26-->[com.journeyapps:zxing-android-embedded:3.5.0] AndroidManifest.xml:21:5-65
26-->[com.journeyapps:zxing-android-embedded:3.5.0] AndroidManifest.xml:21:22-62
27    <uses-feature
27-->[com.journeyapps:zxing-android-embedded:3.5.0] AndroidManifest.xml:24:5-26:36
28        android:name="android.hardware.camera"
28-->[com.journeyapps:zxing-android-embedded:3.5.0] AndroidManifest.xml:25:9-47
29        android:required="false" />
29-->[com.journeyapps:zxing-android-embedded:3.5.0] AndroidManifest.xml:26:9-33
30    <uses-feature
30-->[com.journeyapps:zxing-android-embedded:3.5.0] AndroidManifest.xml:27:5-29:36
31        android:name="android.hardware.camera.front"
31-->[com.journeyapps:zxing-android-embedded:3.5.0] AndroidManifest.xml:28:9-53
32        android:required="false" /> <!-- TODO replace above two with next line after Android 4.2 -->
32-->[com.journeyapps:zxing-android-embedded:3.5.0] AndroidManifest.xml:29:9-33
33    <!-- <uses-feature android:name="android.hardware.camera.any"/> -->
34    <uses-feature
34-->[com.journeyapps:zxing-android-embedded:3.5.0] AndroidManifest.xml:32:5-34:36
35        android:name="android.hardware.camera.autofocus"
35-->[com.journeyapps:zxing-android-embedded:3.5.0] AndroidManifest.xml:33:9-57
36        android:required="false" />
36-->[com.journeyapps:zxing-android-embedded:3.5.0] AndroidManifest.xml:34:9-33
37    <uses-feature
37-->[com.journeyapps:zxing-android-embedded:3.5.0] AndroidManifest.xml:35:5-37:36
38        android:name="android.hardware.camera.flash"
38-->[com.journeyapps:zxing-android-embedded:3.5.0] AndroidManifest.xml:36:9-53
39        android:required="false" />
39-->[com.journeyapps:zxing-android-embedded:3.5.0] AndroidManifest.xml:37:9-33
40    <uses-feature
40-->[com.journeyapps:zxing-android-embedded:3.5.0] AndroidManifest.xml:38:5-40:36
41        android:name="android.hardware.screen.landscape"
41-->[com.journeyapps:zxing-android-embedded:3.5.0] AndroidManifest.xml:39:9-57
42        android:required="false" />
42-->[com.journeyapps:zxing-android-embedded:3.5.0] AndroidManifest.xml:40:9-33
43    <uses-feature
43-->[com.journeyapps:zxing-android-embedded:3.5.0] AndroidManifest.xml:41:5-43:36
44        android:name="android.hardware.wifi"
44-->[com.journeyapps:zxing-android-embedded:3.5.0] AndroidManifest.xml:42:9-45
45        android:required="false" />
45-->[com.journeyapps:zxing-android-embedded:3.5.0] AndroidManifest.xml:43:9-33
46    <!--
47 io.flutter.app.FlutterApplication is an android.app.Application that
48         calls FlutterMain.startInitialization(this); in its onCreate method.
49         In most cases you can leave this as-is, but you if you want to provide
50         additional functionality it is fine to subclass or reimplement
51         FlutterApplication and put your custom class here.
52    -->
53    <application
53-->src\main\AndroidManifest.xml:13:5-46:19
54        android:name="com.aapbd.plates.Application"
54-->src\main\AndroidManifest.xml:14:9-36
55        android:appComponentFactory="androidx.core.app.CoreComponentFactory"
55-->[androidx.core:core:1.0.0] AndroidManifest.xml:22:18-86
56        android:debuggable="true"
57        android:icon="@mipmap/launcher_icon"
57-->src\main\AndroidManifest.xml:16:9-45
58        android:label="Plates" >
58-->src\main\AndroidManifest.xml:15:9-31
59        <meta-data
59-->src\main\AndroidManifest.xml:18:9-19:77
60            android:name="com.google.android.geo.API_KEY"
60-->src\main\AndroidManifest.xml:18:20-65
61            android:value="AIzaSyD_tBDMhNHreNgXWjY4OCF5-9ow7-5ACXY" />
61-->src\main\AndroidManifest.xml:19:20-75
62        <meta-data
62-->src\main\AndroidManifest.xml:20:9-22:62
63            android:name="com.google.firebase.messaging.default_notification_icon"
63-->src\main\AndroidManifest.xml:21:17-87
64            android:resource="@mipmap/ic_notification" />
64-->src\main\AndroidManifest.xml:22:17-59
65
66        <activity
66-->src\main\AndroidManifest.xml:23:9-45:20
67            android:name="com.aapbd.plates.MainActivity"
67-->src\main\AndroidManifest.xml:24:13-41
68            android:configChanges="orientation|keyboardHidden|keyboard|screenSize|locale|layoutDirection|fontScale|screenLayout|density|uiMode"
68-->src\main\AndroidManifest.xml:27:13-144
69            android:hardwareAccelerated="true"
69-->src\main\AndroidManifest.xml:28:13-47
70            android:launchMode="singleTop"
70-->src\main\AndroidManifest.xml:25:13-43
71            android:theme="@style/LaunchTheme"
71-->src\main\AndroidManifest.xml:26:13-47
72            android:windowSoftInputMode="adjustResize" >
72-->src\main\AndroidManifest.xml:29:13-55
73
74            <!--
75                 This keeps the window background of the activity showing
76                 until Flutter renders its first frame. It can be removed if
77                 there is no splash screen (such as the default splash screen
78                 defined in @style/LaunchTheme).
79            -->
80            <meta-data
80-->src\main\AndroidManifest.xml:34:13-36:40
81                android:name="io.flutter.app.android.SplashScreenUntilFirstFrame"
81-->src\main\AndroidManifest.xml:35:17-82
82                android:value="true" />
82-->src\main\AndroidManifest.xml:36:17-37
83
84            <intent-filter>
84-->src\main\AndroidManifest.xml:37:13-40:29
85                <action android:name="android.intent.action.MAIN" />
85-->src\main\AndroidManifest.xml:38:17-68
85-->src\main\AndroidManifest.xml:38:25-66
86
87                <category android:name="android.intent.category.LAUNCHER" />
87-->src\main\AndroidManifest.xml:39:17-76
87-->src\main\AndroidManifest.xml:39:27-74
88            </intent-filter>
89            <intent-filter>
89-->src\main\AndroidManifest.xml:41:13-44:29
90                <action android:name="FLUTTER_NOTIFICATION_CLICK" />
90-->src\main\AndroidManifest.xml:42:17-69
90-->src\main\AndroidManifest.xml:42:25-66
91
92                <category android:name="android.intent.category.DEFAULT" />
92-->src\main\AndroidManifest.xml:43:17-76
92-->src\main\AndroidManifest.xml:43:27-73
93            </intent-filter>
94        </activity>
95        <activity
95-->[:flutter_inappbrowser] AndroidManifest.xml:10:9-13:47
96            android:name="com.pichillilorenzo.flutter_inappbrowser.InAppBrowserActivity"
96-->[:flutter_inappbrowser] AndroidManifest.xml:11:13-89
97            android:configChanges="orientation|screenSize"
97-->[:flutter_inappbrowser] AndroidManifest.xml:12:13-59
98            android:theme="@style/AppTheme" />
98-->[:flutter_inappbrowser] AndroidManifest.xml:13:13-44
99        <activity
99-->[:flutter_inappbrowser] AndroidManifest.xml:14:9-17:55
100            android:name="com.pichillilorenzo.flutter_inappbrowser.ChromeCustomTabs.ChromeCustomTabsActivity"
100-->[:flutter_inappbrowser] AndroidManifest.xml:15:13-110
101            android:configChanges="orientation|screenSize"
101-->[:flutter_inappbrowser] AndroidManifest.xml:16:13-59
102            android:theme="@style/ThemeTransparent" />
102-->[:flutter_inappbrowser] AndroidManifest.xml:17:13-52
103
104        <service android:name="io.flutter.plugins.firebasemessaging.FlutterFirebaseMessagingService" >
104-->[:firebase_messaging] AndroidManifest.xml:8:9-12:19
104-->[:firebase_messaging] AndroidManifest.xml:8:18-101
105            <intent-filter>
105-->[:firebase_messaging] AndroidManifest.xml:9:13-11:29
106                <action android:name="com.google.firebase.MESSAGING_EVENT" />
106-->[:firebase_messaging] AndroidManifest.xml:10:17-78
106-->[:firebase_messaging] AndroidManifest.xml:10:25-75
107            </intent-filter>
108        </service>
109        <service
109-->[:firebase_messaging] AndroidManifest.xml:13:9-17:19
110            android:name="com.google.firebase.components.ComponentDiscoveryService"
110-->[:firebase_messaging] AndroidManifest.xml:13:18-89
111            android:directBootAware="true"
111-->[com.google.firebase:firebase-common:19.2.0] AndroidManifest.xml:15:13-43
112            android:exported="false" >
112-->[com.google.android.gms:play-services-measurement-api:16.5.0] AndroidManifest.xml:29:13-37
113            <meta-data
113-->[:firebase_messaging] AndroidManifest.xml:14:13-16:85
114                android:name="com.google.firebase.components:io.flutter.plugins.firebasemessaging.FlutterFirebaseAppRegistrar"
114-->[:firebase_messaging] AndroidManifest.xml:15:17-127
115                android:value="com.google.firebase.components.ComponentRegistrar" />
115-->[:firebase_messaging] AndroidManifest.xml:16:17-82
116            <meta-data
116-->[:firebase_analytics] AndroidManifest.xml:13:13-15:85
117                android:name="com.google.firebase.components:io.flutter.plugins.firebaseanalytics.FlutterFirebaseAppRegistrar"
117-->[:firebase_analytics] AndroidManifest.xml:14:17-127
118                android:value="com.google.firebase.components.ComponentRegistrar" />
118-->[:firebase_analytics] AndroidManifest.xml:15:17-82
119            <meta-data
119-->[com.google.android.gms:play-services-measurement-api:16.5.0] AndroidManifest.xml:30:13-32:85
120                android:name="com.google.firebase.components:com.google.firebase.analytics.connector.internal.AnalyticsConnectorRegistrar"
120-->[com.google.android.gms:play-services-measurement-api:16.5.0] AndroidManifest.xml:31:17-139
121                android:value="com.google.firebase.components.ComponentRegistrar" />
121-->[com.google.android.gms:play-services-measurement-api:16.5.0] AndroidManifest.xml:32:17-82
122            <meta-data
122-->[com.google.firebase:firebase-iid:20.0.1] AndroidManifest.xml:32:13-34:85
123                android:name="com.google.firebase.components:com.google.firebase.iid.Registrar"
123-->[com.google.firebase:firebase-iid:20.0.1] AndroidManifest.xml:33:17-96
124                android:value="com.google.firebase.components.ComponentRegistrar" />
124-->[com.google.firebase:firebase-iid:20.0.1] AndroidManifest.xml:34:17-82
125        </service>
126
127        <activity
127-->[:url_launcher] AndroidManifest.xml:8:9-11:74
128            android:name="io.flutter.plugins.urllauncher.WebViewActivity"
128-->[:url_launcher] AndroidManifest.xml:9:13-74
129            android:exported="false"
129-->[:url_launcher] AndroidManifest.xml:10:13-37
130            android:theme="@android:style/Theme.NoTitleBar.Fullscreen" />
130-->[:url_launcher] AndroidManifest.xml:11:13-71
131        <!--
132             FirebaseMessagingService performs security checks at runtime,
133             but set to not exported to explicitly avoid allowing another app to call it.
134        -->
135        <service
135-->[com.google.firebase:firebase-messaging:20.0.1] AndroidManifest.xml:28:9-34:19
136            android:name="com.google.firebase.messaging.FirebaseMessagingService"
136-->[com.google.firebase:firebase-messaging:20.0.1] AndroidManifest.xml:29:13-82
137            android:exported="false" >
137-->[com.google.firebase:firebase-messaging:20.0.1] AndroidManifest.xml:30:13-37
138            <intent-filter android:priority="-500" >
138-->[:firebase_messaging] AndroidManifest.xml:9:13-11:29
139                <action android:name="com.google.firebase.MESSAGING_EVENT" />
139-->[:firebase_messaging] AndroidManifest.xml:10:17-78
139-->[:firebase_messaging] AndroidManifest.xml:10:25-75
140            </intent-filter>
141        </service>
142
143        <receiver
143-->[com.google.firebase:firebase-iid:20.0.1] AndroidManifest.xml:37:9-44:20
144            android:name="com.google.firebase.iid.FirebaseInstanceIdReceiver"
144-->[com.google.firebase:firebase-iid:20.0.1] AndroidManifest.xml:38:13-78
145            android:exported="true"
145-->[com.google.firebase:firebase-iid:20.0.1] AndroidManifest.xml:39:13-36
146            android:permission="com.google.android.c2dm.permission.SEND" >
146-->[com.google.firebase:firebase-iid:20.0.1] AndroidManifest.xml:40:13-73
147            <intent-filter>
147-->[com.google.firebase:firebase-iid:20.0.1] AndroidManifest.xml:41:13-43:29
148                <action android:name="com.google.android.c2dm.intent.RECEIVE" />
148-->[com.google.firebase:firebase-iid:20.0.1] AndroidManifest.xml:42:17-81
148-->[com.google.firebase:firebase-iid:20.0.1] AndroidManifest.xml:42:25-78
149            </intent-filter>
150        </receiver>
151
152        <provider
152-->[com.google.firebase:firebase-common:19.2.0] AndroidManifest.xml:19:9-23:39
153            android:name="com.google.firebase.provider.FirebaseInitProvider"
153-->[com.google.firebase:firebase-common:19.2.0] AndroidManifest.xml:20:13-77
154            android:authorities="com.aapbd.plates.firebaseinitprovider"
154-->[com.google.firebase:firebase-common:19.2.0] AndroidManifest.xml:21:13-72
155            android:exported="false"
155-->[com.google.firebase:firebase-common:19.2.0] AndroidManifest.xml:22:13-37
156            android:initOrder="100" /> <!-- Needs to be explicitly declared on P+ -->
156-->[com.google.firebase:firebase-common:19.2.0] AndroidManifest.xml:23:13-36
157        <uses-library
157-->[com.google.android.gms:play-services-maps:17.0.0] AndroidManifest.xml:33:9-35:40
158            android:name="org.apache.http.legacy"
158-->[com.google.android.gms:play-services-maps:17.0.0] AndroidManifest.xml:34:13-50
159            android:required="false" />
159-->[com.google.android.gms:play-services-maps:17.0.0] AndroidManifest.xml:35:13-37
160
161        <activity
161-->[com.google.android.gms:play-services-base:17.0.0] AndroidManifest.xml:23:9-26:75
162            android:name="com.google.android.gms.common.api.GoogleApiActivity"
162-->[com.google.android.gms:play-services-base:17.0.0] AndroidManifest.xml:24:13-79
163            android:exported="false"
163-->[com.google.android.gms:play-services-base:17.0.0] AndroidManifest.xml:25:13-37
164            android:theme="@android:style/Theme.Translucent.NoTitleBar" />
164-->[com.google.android.gms:play-services-base:17.0.0] AndroidManifest.xml:26:13-72
165
166        <receiver
166-->[com.google.android.gms:play-services-measurement:16.5.0] AndroidManifest.xml:29:9-33:20
167            android:name="com.google.android.gms.measurement.AppMeasurementReceiver"
167-->[com.google.android.gms:play-services-measurement:16.5.0] AndroidManifest.xml:30:13-85
168            android:enabled="true"
168-->[com.google.android.gms:play-services-measurement:16.5.0] AndroidManifest.xml:31:13-35
169            android:exported="false" >
169-->[com.google.android.gms:play-services-measurement:16.5.0] AndroidManifest.xml:32:13-37
170        </receiver>
171        <receiver
171-->[com.google.android.gms:play-services-measurement:16.5.0] AndroidManifest.xml:34:9-42:20
172            android:name="com.google.android.gms.measurement.AppMeasurementInstallReferrerReceiver"
172-->[com.google.android.gms:play-services-measurement:16.5.0] AndroidManifest.xml:35:13-100
173            android:enabled="true"
173-->[com.google.android.gms:play-services-measurement:16.5.0] AndroidManifest.xml:36:13-35
174            android:exported="true"
174-->[com.google.android.gms:play-services-measurement:16.5.0] AndroidManifest.xml:37:13-36
175            android:permission="android.permission.INSTALL_PACKAGES" >
175-->[com.google.android.gms:play-services-measurement:16.5.0] AndroidManifest.xml:38:13-69
176            <intent-filter>
176-->[com.google.android.gms:play-services-measurement:16.5.0] AndroidManifest.xml:39:13-41:29
177                <action android:name="com.android.vending.INSTALL_REFERRER" />
177-->[com.google.android.gms:play-services-measurement:16.5.0] AndroidManifest.xml:40:17-79
177-->[com.google.android.gms:play-services-measurement:16.5.0] AndroidManifest.xml:40:25-76
178            </intent-filter>
179        </receiver>
180
181        <service
181-->[com.google.android.gms:play-services-measurement:16.5.0] AndroidManifest.xml:44:9-47:40
182            android:name="com.google.android.gms.measurement.AppMeasurementService"
182-->[com.google.android.gms:play-services-measurement:16.5.0] AndroidManifest.xml:45:13-84
183            android:enabled="true"
183-->[com.google.android.gms:play-services-measurement:16.5.0] AndroidManifest.xml:46:13-35
184            android:exported="false" />
184-->[com.google.android.gms:play-services-measurement:16.5.0] AndroidManifest.xml:47:13-37
185        <service
185-->[com.google.android.gms:play-services-measurement:16.5.0] AndroidManifest.xml:48:9-52:72
186            android:name="com.google.android.gms.measurement.AppMeasurementJobService"
186-->[com.google.android.gms:play-services-measurement:16.5.0] AndroidManifest.xml:49:13-87
187            android:enabled="true"
187-->[com.google.android.gms:play-services-measurement:16.5.0] AndroidManifest.xml:50:13-35
188            android:exported="false"
188-->[com.google.android.gms:play-services-measurement:16.5.0] AndroidManifest.xml:51:13-37
189            android:permission="android.permission.BIND_JOB_SERVICE" />
189-->[com.google.android.gms:play-services-measurement:16.5.0] AndroidManifest.xml:52:13-69
190
191        <meta-data
191-->[com.google.android.gms:play-services-basement:17.0.0] AndroidManifest.xml:23:9-25:69
192            android:name="com.google.android.gms.version"
192-->[com.google.android.gms:play-services-basement:17.0.0] AndroidManifest.xml:24:13-58
193            android:value="@integer/google_play_services_version" />
193-->[com.google.android.gms:play-services-basement:17.0.0] AndroidManifest.xml:25:13-66
194
195        <activity
195-->[com.journeyapps:zxing-android-embedded:3.5.0] AndroidManifest.xml:46:9-52:63
196            android:name="com.journeyapps.barcodescanner.CaptureActivity"
196-->[com.journeyapps:zxing-android-embedded:3.5.0] AndroidManifest.xml:47:13-74
197            android:clearTaskOnLaunch="true"
197-->[com.journeyapps:zxing-android-embedded:3.5.0] AndroidManifest.xml:48:13-45
198            android:screenOrientation="sensorLandscape"
198-->[com.journeyapps:zxing-android-embedded:3.5.0] AndroidManifest.xml:49:13-56
199            android:stateNotNeeded="true"
199-->[com.journeyapps:zxing-android-embedded:3.5.0] AndroidManifest.xml:50:13-42
200            android:theme="@style/zxing_CaptureTheme"
200-->[com.journeyapps:zxing-android-embedded:3.5.0] AndroidManifest.xml:51:13-54
201            android:windowSoftInputMode="stateAlwaysHidden" />
201-->[com.journeyapps:zxing-android-embedded:3.5.0] AndroidManifest.xml:52:13-60
202    </application>
203
204</manifest>